# JRE version: OpenJDK Runtime Environment (8.0_202-b03) (build 1.8.0_202-release-1483-b03)
# Java VM: OpenJDK 64-Bit Server VM (25.202-b03 mixed mode windows-amd64 compressed oops)
Heap:
 PSYoungGen      total 339968K, used 207859K [0x00000000e0000000, 0x00000000fe700000, 0x0000000100000000)
  eden space 221184K, 40% used [0x00000000e0000000,0x00000000e5719448,0x00000000ed800000)
  from space 118784K, 99% used [0x00000000ed800000,0x00000000f4bfc210,0x00000000f4c00000)
  to   space 94720K, 0% used [0x00000000f4c00000,0x00000000f4c00000,0x00000000fa880000)
 ParOldGen       total 636928K, used 510603K [0x00000000a0000000, 0x00000000c6e00000, 0x00000000e0000000)
  object space 636928K, 80% used [0x00000000a0000000,0x00000000bf2a2c28,0x00000000c6e00000)
 Metaspace       used 138884K, capacity 146672K, committed 146856K, reserved 1177600K
  class space    used 16897K, capacity 18247K, committed 18344K, reserved 1048576K
GC Heap History (10 events):
Event: 3763.698 GC heap before
{Heap before GC invocations=66 (full 5):
 PSYoungGen      total 333312K, used 240816K [0x00000000e0000000, 0x00000000fba80000, 0x0000000100000000)
  eden space 229888K, 100% used [0x00000000e0000000,0x00000000ee080000,0x00000000ee080000)
  from space 103424K, 10% used [0x00000000f5580000,0x00000000f602c270,0x00000000fba80000)
  to   space 111616K, 0% used [0x00000000ee080000,0x00000000ee080000,0x00000000f4d80000)
 ParOldGen       total 636928K, used 489648K [0x00000000a0000000, 0x00000000c6e00000, 0x00000000e0000000)
  object space 636928K, 76% used [0x00000000a0000000,0x00000000bde2c000,0x00000000c6e00000)
 Metaspace       used 137275K, capacity 144972K, committed 145192K, reserved 1175552K
  class space    used 16780K, capacity 18117K, committed 18216K, reserved 1048576K
Event: 3763.717 GC heap after
Heap after GC invocations=66 (full 5):
 PSYoungGen      total 243712K, used 13315K [0x00000000e0000000, 0x00000000fb300000, 0x0000000100000000)
  eden space 229888K, 0% used [0x00000000e0000000,0x00000000e0000000,0x00000000ee080000)
  from space 13824K, 96% used [0x00000000ee080000,0x00000000eed80e90,0x00000000eee00000)
  to   space 105472K, 0% used [0x00000000f4c00000,0x00000000f4c00000,0x00000000fb300000)
 ParOldGen       total 636928K, used 489656K [0x00000000a0000000, 0x00000000c6e00000, 0x00000000e0000000)
  object space 636928K, 76% used [0x00000000a0000000,0x00000000bde2e000,0x00000000c6e00000)
 Metaspace       used 137275K, capacity 144972K, committed 145192K, reserved 1175552K
  class space    used 16780K, capacity 18117K, committed 18216K, reserved 1048576K
}
Event: 3768.237 GC heap before
{Heap before GC invocations=67 (full 5):
 PSYoungGen      total 243712K, used 243203K [0x00000000e0000000, 0x00000000fb300000, 0x0000000100000000)
  eden space 229888K, 100% used [0x00000000e0000000,0x00000000ee080000,0x00000000ee080000)
  from space 13824K, 96% used [0x00000000ee080000,0x00000000eed80e90,0x00000000eee00000)
  to   space 105472K, 0% used [0x00000000f4c00000,0x00000000f4c00000,0x00000000fb300000)
 ParOldGen       total 636928K, used 489656K [0x00000000a0000000, 0x00000000c6e00000, 0x00000000e0000000)
  object space 636928K, 76% used [0x00000000a0000000,0x00000000bde2e000,0x00000000c6e00000)
 Metaspace       used 137498K, capacity 145198K, committed 145448K, reserved 1177600K
  class space    used 16782K, capacity 18122K, committed 18216K, reserved 1048576K
Event: 3768.281 GC heap after
Heap after GC invocations=67 (full 5):
 PSYoungGen      total 334848K, used 31882K [0x00000000e0000000, 0x00000000fab00000, 0x0000000100000000)
  eden space 237568K, 0% used [0x00000000e0000000,0x00000000e0000000,0x00000000ee800000)
  from space 97280K, 32% used [0x00000000f4c00000,0x00000000f6b22a18,0x00000000fab00000)
  to   space 99840K, 0% used [0x00000000ee800000,0x00000000ee800000,0x00000000f4980000)
 ParOldGen       total 636928K, used 489664K [0x00000000a0000000, 0x00000000c6e00000, 0x00000000e0000000)
  object space 636928K, 76% used [0x00000000a0000000,0x00000000bde30000,0x00000000c6e00000)
 Metaspace       used 137498K, capacity 145198K, committed 145448K, reserved 1177600K
  class space    used 16782K, capacity 18122K, committed 18216K, reserved 1048576K
}
Event: 3772.492 GC heap before
{Heap before GC invocations=68 (full 5):
 PSYoungGen      total 334848K, used 269450K [0x00000000e0000000, 0x00000000fab00000, 0x0000000100000000)
  eden space 237568K, 100% used [0x00000000e0000000,0x00000000ee800000,0x00000000ee800000)
  from space 97280K, 32% used [0x00000000f4c00000,0x00000000f6b22a18,0x00000000fab00000)
  to   space 99840K, 0% used [0x00000000ee800000,0x00000000ee800000,0x00000000f4980000)
 ParOldGen       total 636928K, used 489664K [0x00000000a0000000, 0x00000000c6e00000, 0x00000000e0000000)
  object space 636928K, 76% used [0x00000000a0000000,0x00000000bde30000,0x00000000c6e00000)
 Metaspace       used 137730K, capacity 145468K, committed 145704K, reserved 1177600K
  class space    used 16800K, capacity 18135K, committed 18216K, reserved 1048576K
Event: 3772.504 GC heap after
Heap after GC invocations=68 (full 5):
 PSYoungGen      total 337408K, used 13625K [0x00000000e0000000, 0x00000000fa880000, 0x0000000100000000)
  eden space 237568K, 0% used [0x00000000e0000000,0x00000000e0000000,0x00000000ee800000)
  from space 99840K, 13% used [0x00000000ee800000,0x00000000ef54e4f8,0x00000000f4980000)
  to   space 94720K, 0% used [0x00000000f4c00000,0x00000000f4c00000,0x00000000fa880000)
 ParOldGen       total 636928K, used 489672K [0x00000000a0000000, 0x00000000c6e00000, 0x00000000e0000000)
  object space 636928K, 76% used [0x00000000a0000000,0x00000000bde32000,0x00000000c6e00000)
 Metaspace       used 137730K, capacity 145468K, committed 145704K, reserved 1177600K
  class space    used 16800K, capacity 18135K, committed 18216K, reserved 1048576K
}
Event: 3774.137 GC heap before
{Heap before GC invocations=69 (full 5):
 PSYoungGen      total 337408K, used 251193K [0x00000000e0000000, 0x00000000fa880000, 0x0000000100000000)
  eden space 237568K, 100% used [0x00000000e0000000,0x00000000ee800000,0x00000000ee800000)
  from space 99840K, 13% used [0x00000000ee800000,0x00000000ef54e4f8,0x00000000f4980000)
  to   space 94720K, 0% used [0x00000000f4c00000,0x00000000f4c00000,0x00000000fa880000)
 ParOldGen       total 636928K, used 489672K [0x00000000a0000000, 0x00000000c6e00000, 0x00000000e0000000)
  object space 636928K, 76% used [0x00000000a0000000,0x00000000bde32000,0x00000000c6e00000)
 Metaspace       used 137855K, capacity 145640K, committed 145960K, reserved 1177600K
  class space    used 16811K, capacity 18143K, committed 18216K, reserved 1048576K
Event: 3774.246 GC heap after
Heap after GC invocations=69 (full 5):
 PSYoungGen      total 315904K, used 94718K [0x00000000e0000000, 0x00000000fe700000, 0x0000000100000000)
  eden space 221184K, 0% used [0x00000000e0000000,0x00000000e0000000,0x00000000ed800000)
  from space 94720K, 99% used [0x00000000f4c00000,0x00000000fa87fa30,0x00000000fa880000)
  to   space 118784K, 0% used [0x00000000ed800000,0x00000000ed800000,0x00000000f4c00000)
 ParOldGen       total 636928K, used 503284K [0x00000000a0000000, 0x00000000c6e00000, 0x00000000e0000000)
  object space 636928K, 79% used [0x00000000a0000000,0x00000000beb7d058,0x00000000c6e00000)
 Metaspace       used 137855K, capacity 145640K, committed 145960K, reserved 1177600K
  class space    used 16811K, capacity 18143K, committed 18216K, reserved 1048576K
}
Event: 3776.028 GC heap before
{Heap before GC invocations=70 (full 5):
 PSYoungGen      total 315904K, used 315902K [0x00000000e0000000, 0x00000000fe700000, 0x0000000100000000)
  eden space 221184K, 100% used [0x00000000e0000000,0x00000000ed800000,0x00000000ed800000)
  from space 94720K, 99% used [0x00000000f4c00000,0x00000000fa87fa30,0x00000000fa880000)
  to   space 118784K, 0% used [0x00000000ed800000,0x00000000ed800000,0x00000000f4c00000)
 ParOldGen       total 636928K, used 503284K [0x00000000a0000000, 0x00000000c6e00000, 0x00000000e0000000)
  object space 636928K, 79% used [0x00000000a0000000,0x00000000beb7d058,0x00000000c6e00000)
 Metaspace       used 138873K, capacity 146672K, committed 146856K, reserved 1177600K
  class space    used 16897K, capacity 18247K, committed 18344K, reserved 1048576K
Event: 3776.158 GC heap after
Heap after GC invocations=70 (full 5):
 PSYoungGen      total 339968K, used 118768K [0x00000000e0000000, 0x00000000fe700000, 0x0000000100000000)
  eden space 221184K, 0% used [0x00000000e0000000,0x00000000e0000000,0x00000000ed800000)
  from space 118784K, 99% used [0x00000000ed800000,0x00000000f4bfc210,0x00000000f4c00000)
  to   space 94720K, 0% used [0x00000000f4c00000,0x00000000f4c00000,0x00000000fa880000)
 ParOldGen       total 636928K, used 510603K [0x00000000a0000000, 0x00000000c6e00000, 0x00000000e0000000)
  object space 636928K, 80% used [0x00000000a0000000,0x00000000bf2a2c28,0x00000000c6e00000)
 Metaspace       used 138873K, capacity 146672K, committed 146856K, reserved 1177600K
  class space    used 16897K, capacity 18247K, committed 18344K, reserved 1048576K
}

