# JRE version: OpenJDK Runtime Environment (8.0_202-b03) (build 1.8.0_202-release-1483-b03)
# Java VM: OpenJDK 64-Bit Server VM (25.202-b03 mixed mode windows-amd64 compressed oops)
Heap:
 PSYoungGen      total 204288K, used 131897K [0x00000000e0000000, 0x00000000f1d00000, 0x0000000100000000)
  eden space 180224K, 59% used [0x00000000e0000000,0x00000000e6952da0,0x00000000eb000000)
  from space 24064K, 99% used [0x00000000ed880000,0x00000000eeffb8a8,0x00000000ef000000)
  to   space 41472K, 0% used [0x00000000eb000000,0x00000000eb000000,0x00000000ed880000)
 ParOldGen       total 268800K, used 77195K [0x00000000a0000000, 0x00000000b0680000, 0x00000000e0000000)
  object space 268800K, 28% used [0x00000000a0000000,0x00000000a4b62d50,0x00000000b0680000)
 Metaspace       used 73649K, capacity 76070K, committed 76456K, reserved 1116160K
  class space    used 9972K, capacity 10542K, committed 10664K, reserved 1048576K
GC Heap History (10 events):
Event: 18.645 GC heap before
{Heap before GC invocations=11 (full 2):
 PSYoungGen      total 165888K, used 90813K [0x00000000e0000000, 0x00000000ebd80000, 0x0000000100000000)
  eden space 150016K, 49% used [0x00000000e0000000,0x00000000e4936cb0,0x00000000e9280000)
  from space 15872K, 99% used [0x00000000ea580000,0x00000000eb4f8a48,0x00000000eb500000)
  to   space 19456K, 0% used [0x00000000e9280000,0x00000000e9280000,0x00000000ea580000)
 ParOldGen       total 179712K, used 22864K [0x00000000a0000000, 0x00000000aaf80000, 0x00000000e0000000)
  object space 179712K, 12% used [0x00000000a0000000,0x00000000a16541d0,0x00000000aaf80000)
 Metaspace       used 57372K, capacity 59108K, committed 59160K, reserved 1099776K
  class space    used 7821K, capacity 8319K, committed 8360K, reserved 1048576K
Event: 18.672 GC heap after
Heap after GC invocations=11 (full 2):
 PSYoungGen      total 169472K, used 19446K [0x00000000e0000000, 0x00000000ee200000, 0x0000000100000000)
  eden space 150016K, 0% used [0x00000000e0000000,0x00000000e0000000,0x00000000e9280000)
  from space 19456K, 99% used [0x00000000e9280000,0x00000000ea57da90,0x00000000ea580000)
  to   space 22528K, 0% used [0x00000000ecc00000,0x00000000ecc00000,0x00000000ee200000)
 ParOldGen       total 179712K, used 25521K [0x00000000a0000000, 0x00000000aaf80000, 0x00000000e0000000)
  object space 179712K, 14% used [0x00000000a0000000,0x00000000a18ec7f0,0x00000000aaf80000)
 Metaspace       used 57372K, capacity 59108K, committed 59160K, reserved 1099776K
  class space    used 7821K, capacity 8319K, committed 8360K, reserved 1048576K
}
Event: 18.672 GC heap before
{Heap before GC invocations=12 (full 3):
 PSYoungGen      total 169472K, used 19446K [0x00000000e0000000, 0x00000000ee200000, 0x0000000100000000)
  eden space 150016K, 0% used [0x00000000e0000000,0x00000000e0000000,0x00000000e9280000)
  from space 19456K, 99% used [0x00000000e9280000,0x00000000ea57da90,0x00000000ea580000)
  to   space 22528K, 0% used [0x00000000ecc00000,0x00000000ecc00000,0x00000000ee200000)
 ParOldGen       total 179712K, used 25521K [0x00000000a0000000, 0x00000000aaf80000, 0x00000000e0000000)
  object space 179712K, 14% used [0x00000000a0000000,0x00000000a18ec7f0,0x00000000aaf80000)
 Metaspace       used 57372K, capacity 59108K, committed 59160K, reserved 1099776K
  class space    used 7821K, capacity 8319K, committed 8360K, reserved 1048576K
Event: 19.034 GC heap after
Heap after GC invocations=12 (full 3):
 PSYoungGen      total 169472K, used 0K [0x00000000e0000000, 0x00000000ee200000, 0x0000000100000000)
  eden space 150016K, 0% used [0x00000000e0000000,0x00000000e0000000,0x00000000e9280000)
  from space 19456K, 0% used [0x00000000e9280000,0x00000000e9280000,0x00000000ea580000)
  to   space 22528K, 0% used [0x00000000ecc00000,0x00000000ecc00000,0x00000000ee200000)
 ParOldGen       total 268800K, used 37363K [0x00000000a0000000, 0x00000000b0680000, 0x00000000e0000000)
  object space 268800K, 13% used [0x00000000a0000000,0x00000000a247ce78,0x00000000b0680000)
 Metaspace       used 57372K, capacity 59108K, committed 59160K, reserved 1099776K
  class space    used 7821K, capacity 8319K, committed 8360K, reserved 1048576K
}
Event: 23.947 GC heap before
{Heap before GC invocations=13 (full 3):
 PSYoungGen      total 169472K, used 150016K [0x00000000e0000000, 0x00000000ee200000, 0x0000000100000000)
  eden space 150016K, 100% used [0x00000000e0000000,0x00000000e9280000,0x00000000e9280000)
  from space 19456K, 0% used [0x00000000e9280000,0x00000000e9280000,0x00000000ea580000)
  to   space 22528K, 0% used [0x00000000ecc00000,0x00000000ecc00000,0x00000000ee200000)
 ParOldGen       total 268800K, used 37363K [0x00000000a0000000, 0x00000000b0680000, 0x00000000e0000000)
  object space 268800K, 13% used [0x00000000a0000000,0x00000000a247ce78,0x00000000b0680000)
 Metaspace       used 62103K, capacity 64366K, committed 64680K, reserved 1105920K
  class space    used 8464K, capacity 9046K, committed 9128K, reserved 1048576K
Event: 23.962 GC heap after
Heap after GC invocations=13 (full 3):
 PSYoungGen      total 186368K, used 12438K [0x00000000e0000000, 0x00000000ed880000, 0x0000000100000000)
  eden space 173568K, 0% used [0x00000000e0000000,0x00000000e0000000,0x00000000ea980000)
  from space 12800K, 97% used [0x00000000ecc00000,0x00000000ed825908,0x00000000ed880000)
  to   space 21504K, 0% used [0x00000000eae80000,0x00000000eae80000,0x00000000ec380000)
 ParOldGen       total 268800K, used 37371K [0x00000000a0000000, 0x00000000b0680000, 0x00000000e0000000)
  object space 268800K, 13% used [0x00000000a0000000,0x00000000a247ee78,0x00000000b0680000)
 Metaspace       used 62103K, capacity 64366K, committed 64680K, reserved 1105920K
  class space    used 8464K, capacity 9046K, committed 9128K, reserved 1048576K
}
Event: 28.828 GC heap before
{Heap before GC invocations=14 (full 3):
 PSYoungGen      total 186368K, used 185834K [0x00000000e0000000, 0x00000000ed880000, 0x0000000100000000)
  eden space 173568K, 99% used [0x00000000e0000000,0x00000000ea955028,0x00000000ea980000)
  from space 12800K, 97% used [0x00000000ecc00000,0x00000000ed825908,0x00000000ed880000)
  to   space 21504K, 0% used [0x00000000eae80000,0x00000000eae80000,0x00000000ec380000)
 ParOldGen       total 268800K, used 37371K [0x00000000a0000000, 0x00000000b0680000, 0x00000000e0000000)
  object space 268800K, 13% used [0x00000000a0000000,0x00000000a247ee78,0x00000000b0680000)
 Metaspace       used 66059K, capacity 68352K, committed 68648K, reserved 1107968K
  class space    used 8902K, capacity 9463K, committed 9512K, reserved 1048576K
Event: 28.852 GC heap after
Heap after GC invocations=14 (full 3):
 PSYoungGen      total 200192K, used 21281K [0x00000000e0000000, 0x00000000ef000000, 0x0000000100000000)
  eden space 178688K, 0% used [0x00000000e0000000,0x00000000e0000000,0x00000000eae80000)
  from space 21504K, 98% used [0x00000000eae80000,0x00000000ec3484d8,0x00000000ec380000)
  to   space 24064K, 0% used [0x00000000ed880000,0x00000000ed880000,0x00000000ef000000)
 ParOldGen       total 268800K, used 37379K [0x00000000a0000000, 0x00000000b0680000, 0x00000000e0000000)
  object space 268800K, 13% used [0x00000000a0000000,0x00000000a2480e78,0x00000000b0680000)
 Metaspace       used 66059K, capacity 68352K, committed 68648K, reserved 1107968K
  class space    used 8902K, capacity 9463K, committed 9512K, reserved 1048576K
}
Event: 32.546 GC heap before
{Heap before GC invocations=15 (full 3):
 PSYoungGen      total 200192K, used 199969K [0x00000000e0000000, 0x00000000ef000000, 0x0000000100000000)
  eden space 178688K, 100% used [0x00000000e0000000,0x00000000eae80000,0x00000000eae80000)
  from space 21504K, 98% used [0x00000000eae80000,0x00000000ec3484d8,0x00000000ec380000)
  to   space 24064K, 0% used [0x00000000ed880000,0x00000000ed880000,0x00000000ef000000)
 ParOldGen       total 268800K, used 37379K [0x00000000a0000000, 0x00000000b0680000, 0x00000000e0000000)
  object space 268800K, 13% used [0x00000000a0000000,0x00000000a2480e78,0x00000000b0680000)
 Metaspace       used 71619K, capacity 73928K, committed 74280K, reserved 1114112K
  class space    used 9656K, capacity 10229K, committed 10280K, reserved 1048576K
Event: 32.634 GC heap after
Heap after GC invocations=15 (full 3):
 PSYoungGen      total 204288K, used 24046K [0x00000000e0000000, 0x00000000f1d00000, 0x0000000100000000)
  eden space 180224K, 0% used [0x00000000e0000000,0x00000000e0000000,0x00000000eb000000)
  from space 24064K, 99% used [0x00000000ed880000,0x00000000eeffb8a8,0x00000000ef000000)
  to   space 41472K, 0% used [0x00000000eb000000,0x00000000eb000000,0x00000000ed880000)
 ParOldGen       total 268800K, used 77195K [0x00000000a0000000, 0x00000000b0680000, 0x00000000e0000000)
  object space 268800K, 28% used [0x00000000a0000000,0x00000000a4b62d50,0x00000000b0680000)
 Metaspace       used 71619K, capacity 73928K, committed 74280K, reserved 1114112K
  class space    used 9656K, capacity 10229K, committed 10280K, reserved 1048576K
}

